============================= test session starts =============================
platform win32 -- Python 3.14.3, pytest-9.0.2, pluggy-1.6.0
rootdir: C:\Users\felipedovinhoo\OneDrive\01_Projetos\02_apps\02_app_fin\backend
configfile: pyproject.toml
plugins: anyio-4.12.1, asyncio-1.3.0
asyncio: mode=Mode.AUTO, debug=False, asyncio_default_fixture_loop_scope=None, asyncio_default_test_loop_scope=function
collected 49 items

tests\test_accounts.py EEEEEE                                            [ 12%]
tests\test_auth.py EEEE                                                  [ 20%]
tests\test_bills.py EEEE                                                 [ 28%]
tests\test_categories.py E